[23:38:45.405] [DEBUG] [emit_project_changed] canvas_scene (canvas_scene.py:216 _emit_project_changed)
[23:38:45.407] [DEBUG] [project_changed] suppress=False is_recalc=False (main_window.py:491 _on_project_mutated)
[23:38:45.408] [DEBUG] [schedule_recalc] project_mutated (main_window.py:502 _on_project_mutated)
[23:38:45.409] [DEBUG] [schedule_called] project_mutated (recalc_scheduler.py:34 schedule)
[23:38:45.766] [DEBUG] [recalc_execute] project_mutated (recalc_scheduler.py:67 _run)
[23:38:45.767] [DEBUG] [recalculate_start] reasons=[] (main_window.py:430 _recalculate)
[23:38:45.778] [DEBUG] [recalculate_end] ok (main_window.py:472 _recalculate)
[23:39:11.413] [DEBUG] [emit_project_changed] canvas_scene (canvas_scene.py:216 _emit_project_changed)
[23:39:11.414] [DEBUG] [project_changed] suppress=False is_recalc=False (main_window.py:491 _on_project_mutated)
[23:39:11.415] [DEBUG] [schedule_recalc] project_mutated (main_window.py:502 _on_project_mutated)
[23:39:11.416] [DEBUG] [schedule_called] project_mutated (recalc_scheduler.py:34 schedule)
[23:39:11.768] [DEBUG] [recalc_execute] project_mutated (recalc_scheduler.py:67 _run)
[23:39:11.769] [DEBUG] [recalculate_start] reasons=[] (main_window.py:430 _recalculate)
[23:39:11.821] [DEBUG] [recalculate_end] ok (main_window.py:472 _recalculate)
[18:38:20.251] [DEBUG] [emit_project_changed] canvas_scene (canvas_scene.py:216 _emit_project_changed)
[18:38:20.253] [DEBUG] [project_changed] suppress=False is_recalc=False (main_window.py:491 _on_project_mutated)
[18:38:20.254] [DEBUG] [schedule_recalc] project_mutated (main_window.py:502 _on_project_mutated)
[18:38:20.256] [DEBUG] [schedule_called] project_mutated (recalc_scheduler.py:34 schedule)
[18:38:20.615] [DEBUG] [recalc_execute] project_mutated (recalc_scheduler.py:67 _run)
[18:38:20.616] [DEBUG] [recalculate_start] reasons=[] (main_window.py:430 _recalculate)
[18:38:20.630] [DEBUG] [recalculate_end] ok (main_window.py:472 _recalculate)
